c:\users\tjerf\source\repos\after_effects_cmake\ae\template\skeleton\win\x64\debug\skeleton.bsc
c:\users\tjerf\source\repos\after_effects_cmake\ae\template\skeleton\win\x64\debug\vc143.pdb
c:\users\tjerf\source\repos\after_effects_cmake\ae\template\skeleton\win\x64\debug\aegp_suitehandler.sbr
c:\users\tjerf\source\repos\after_effects_cmake\ae\template\skeleton\win\x64\debug\missingsuiteerror.sbr
c:\users\tjerf\source\repos\after_effects_cmake\ae\template\skeleton\win\x64\debug\skeleton.sbr
c:\users\tjerf\source\repos\after_effects_cmake\ae\template\skeleton\win\x64\debug\skeleton.obj
c:\users\tjerf\source\repos\after_effects_cmake\ae\template\skeleton\win\x64\debug\missingsuiteerror.obj
c:\users\tjerf\source\repos\after_effects_cmake\ae\template\skeleton\win\x64\debug\aegp_suitehandler.obj
c:\users\tjerf\source\repos\after_effects_cmake\ae\template\skeleton\win\skeletonpipl.rc
c:\program files\adobe\adobe after effects 2023\support files\plug-ins\effects\skeleton.aex
c:\users\tjerf\source\repos\after_effects_cmake\ae\template\skeleton\win\x64\debug\skeleton.pdb
c:\users\tjerf\source\repos\after_effects_cmake\ae\template\skeleton\win\x64\debug\skeletonpipl.res
c:\program files\adobe\adobe after effects 2023\support files\plug-ins\effects\python311_d.dll
c:\program files\adobe\adobe after effects 2023\support files\plug-ins\effects\zlibd1.dll
c:\users\tjerf\source\repos\after_effects_cmake\ae\template\skeleton\win\x64\debug\skeleton.lib
c:\users\tjerf\source\repos\after_effects_cmake\ae\template\skeleton\win\x64\debug\skeleton.exp
c:\program files\adobe\adobe after effects 2023\support files\plug-ins\effects\skeleton.ilk
c:\users\tjerf\source\repos\after_effects_cmake\ae\template\skeleton\win\x64\debug\skeleton.tlog\bscmake.command.1.tlog
c:\users\tjerf\source\repos\after_effects_cmake\ae\template\skeleton\win\x64\debug\skeleton.tlog\bscmake.read.1.tlog
c:\users\tjerf\source\repos\after_effects_cmake\ae\template\skeleton\win\x64\debug\skeleton.tlog\bscmake.write.1.tlog
c:\users\tjerf\source\repos\after_effects_cmake\ae\template\skeleton\win\x64\debug\skeleton.tlog\cl.command.1.tlog
c:\users\tjerf\source\repos\after_effects_cmake\ae\template\skeleton\win\x64\debug\skeleton.tlog\cl.items.tlog
c:\users\tjerf\source\repos\after_effects_cmake\ae\template\skeleton\win\x64\debug\skeleton.tlog\cl.read.1.tlog
c:\users\tjerf\source\repos\after_effects_cmake\ae\template\skeleton\win\x64\debug\skeleton.tlog\cl.write.1.tlog
c:\users\tjerf\source\repos\after_effects_cmake\ae\template\skeleton\win\x64\debug\skeleton.tlog\custombuild.command.1.tlog
c:\users\tjerf\source\repos\after_effects_cmake\ae\template\skeleton\win\x64\debug\skeleton.tlog\custombuild.read.1.tlog
c:\users\tjerf\source\repos\after_effects_cmake\ae\template\skeleton\win\x64\debug\skeleton.tlog\custombuild.write.1.tlog
c:\users\tjerf\source\repos\after_effects_cmake\ae\template\skeleton\win\x64\debug\skeleton.tlog\link.command.1.tlog
c:\users\tjerf\source\repos\after_effects_cmake\ae\template\skeleton\win\x64\debug\skeleton.tlog\link.read.1.tlog
c:\users\tjerf\source\repos\after_effects_cmake\ae\template\skeleton\win\x64\debug\skeleton.tlog\link.secondary.1.tlog
c:\users\tjerf\source\repos\after_effects_cmake\ae\template\skeleton\win\x64\debug\skeleton.tlog\link.write.1.tlog
c:\users\tjerf\source\repos\after_effects_cmake\ae\template\skeleton\win\x64\debug\skeleton.tlog\rc.command.1.tlog
c:\users\tjerf\source\repos\after_effects_cmake\ae\template\skeleton\win\x64\debug\skeleton.tlog\rc.read.1.tlog
c:\users\tjerf\source\repos\after_effects_cmake\ae\template\skeleton\win\x64\debug\skeleton.tlog\rc.write.1.tlog
c:\users\tjerf\source\repos\after_effects_cmake\ae\template\skeleton\win\x64\debug\skeleton.tlog\skeleton.write.1u.tlog
